<?xml version="1.0" encoding="UTF-8" ?>
<testsuite errors="1" failures="0" hostname="localhost.localdomain" name="jbookmanager.model.LibraryWriterTest" tests="1" time="4.348" timestamp="2009-03-15T15:25:09">
  <properties>
[...]
</properties>
  <testcase classname="jbookmanager.model.LibraryWriterTest" name="testWriteLibrary" time="4.295">
    <error type="java.lang.NullPointerException">java.lang.NullPointerException
	at org.apache.xml.serializer.ToStream.writeAttrString(ToStream.java:1922)
	at org.apache.xml.serializer.ToStream.processAttributes(ToStream.java:1902)
	at org.apache.xml.serializer.ToStream.closeStartTag(ToStream.java:2378)
	at org.apache.xml.serializer.ToStream.startElement(ToStream.java:1739)
	at org.apache.xalan.transformer.TransformerIdentityImpl.startElement(TransformerIdentityImpl.java:1072)
	at jbookmanager.model.LibraryWriter.writeLibrary(LibraryWriter.java:63)
	at jbookmanager.model.LibraryWriterTest.testWriteLibrary(LibraryWriterTest.java:68)
</error>
  </testcase>
  <system-out><![CDATA[writeLibrary
]]></system-out>
  <system-err><![CDATA[]]></system-err>
</testsuite>
